{"type":"eventLog","action":"eventLog","info":"create_log_dir","results":"Templately\\Core\\Importer\\FullSiteImport::import::365","timestamp":"2025-05-11 08:05:37"}
{"type":"start","action":"eventLog","results":"Templately\\Core\\Importer\\FullSiteImport::import::378","timestamp":"2025-05-11 08:05:37"}
{"action":"updateLog","type":"writing_permission_check","progress":100,"message":"Permission Passed","status":"complete","timestamp":"2025-05-11 08:05:37"}
{"action":"updateLog","type":"download","progress":1,"message":"Downloading Template Pack","timestamp":"2025-05-11 08:05:37"}
{"action":"updateLog","type":"download","progress":57,"message":"Downloading Template Pack","timestamp":"2025-05-11 08:05:39"}
{"action":"updateLog","type":"download","progress":100,"message":"Downloading Template Pack","status":"complete","timestamp":"2025-05-11 08:05:39"}
{"type":"continue","action":"continue","info":"download_zip","results":"Templately\\Core\\Importer\\FullSiteImport::import::400","timestamp":"2025-05-11 08:05:39"}
{"type":"start","action":"eventLog","results":"Templately\\Core\\Importer\\FullSiteImport::import::378","timestamp":"2025-05-11 08:05:39"}
{"action":"removeLog","type":"temp","progress":100,"timestamp":"2025-05-11 08:05:39"}
{"action":"eventLog","type":"dependencies","progress":0,"message":"Updating customizer settings.","timestamp":"2025-05-11 08:05:39"}
{"action":"updateLog","type":"theme","progress":0,"message":"Installing and Activating Theme: Hello Elementor","timestamp":"2025-05-11 08:05:39"}
{"action":"updateLog","status":"complete","message":"Activated theme: Hello Elementor","type":"theme","progress":100,"timestamp":"2025-05-11 08:05:44"}
{"action":"updateLog","type":"plugin","progress":0,"message":"Installing Required Plugins: Essential Addons Pro","timestamp":"2025-05-11 08:05:44"}
{"position":"plugin","action":"updateLog","status":"error","message":"Installation Failed: Essential Addons Pro (Plugin not found.)","type":"plugin_essential-addons-elementor","progress":0,"timestamp":"2025-05-11 08:05:45"}
{"action":"updateLog","type":"plugin","progress":0,"message":"Installing Required Plugins: Essential Addons for Elementor","timestamp":"2025-05-11 08:05:45"}
{"action":"updateLog","type":"plugin","progress":25,"message":"Installing Required Plugins: Fluent Forms","timestamp":"2025-05-11 08:05:50"}
{"action":"updateLog","type":"plugin","progress":50,"message":"Installing Required Plugins: NotificationX","timestamp":"2025-05-11 08:05:55"}
{"action":"updateLog","status":"complete","message":"Installed Required Plugins (3\/4)","type":"plugin","progress":100,"timestamp":"2025-05-11 08:06:00"}
{"action":"eventLog","type":"dependencies","progress":100,"message":"Updating customizer settings.","status":"complete","timestamp":"2025-05-11 08:06:00"}
{"type":"continue","action":"continue","name":"","index":0,"results":null,"timestamp":"2025-05-11 08:06:00"}
{"type":"start","action":"eventLog","results":"Templately\\Core\\Importer\\FullSiteImport::import::378","timestamp":"2025-05-11 08:06:01"}
{"action":"removeLog","type":"temp","progress":100,"timestamp":"2025-05-11 08:06:01"}
{"type":"continue","action":"continue","name":"","index":1,"results":null,"timestamp":"2025-05-11 08:06:01"}
{"type":"start","action":"eventLog","results":"Templately\\Core\\Importer\\FullSiteImport::import::378","timestamp":"2025-05-11 08:06:02"}
{"action":"removeLog","type":"temp","progress":100,"timestamp":"2025-05-11 08:06:02"}
{"action":"eventLog","type":"customizer","progress":0,"message":"Updating customizer settings.","timestamp":"2025-05-11 08:06:02"}
{"action":"eventLog","type":"customizer","progress":0,"message":"Updating customizer settings.","timestamp":"2025-05-11 08:06:02"}
{"action":"eventLog","type":"customizer","progress":100,"message":"Updating customizer settings.","status":"complete","timestamp":"2025-05-11 08:06:02"}
{"type":"continue","action":"continue","name":"","index":2,"results":null,"timestamp":"2025-05-11 08:06:02"}
{"type":"start","action":"eventLog","results":"Templately\\Core\\Importer\\FullSiteImport::import::378","timestamp":"2025-05-11 08:06:03"}
{"action":"removeLog","type":"temp","progress":100,"timestamp":"2025-05-11 08:06:03"}
{"action":"eventLog","type":"extra-content","progress":0,"message":"Importing Forms and Others Extra Contents","timestamp":"2025-05-11 08:06:03"}
{"action":"eventLog","type":"extra-content","progress":100,"message":"Importing Forms and Others Extra Contents","status":"complete","timestamp":"2025-05-11 08:06:03"}
{"type":"continue","action":"continue","name":"","index":3,"results":null,"timestamp":"2025-05-11 08:06:03"}
{"type":"start","action":"eventLog","results":"Templately\\Core\\Importer\\FullSiteImport::import::378","timestamp":"2025-05-11 08:06:05"}
{"action":"removeLog","type":"temp","progress":100,"timestamp":"2025-05-11 08:06:05"}
{"action":"updateLog","type":"templates","progress":0,"message":"Importing Templates (i.e: Header, Footer, etc)","timestamp":"2025-05-11 08:06:05"}
{"action":"updateLog","type":"templates","progress":25,"message":"Importing Templates (i.e: Header, Footer, etc)","timestamp":"2025-05-11 08:06:06"}
{"action":"updateLog","type":"templates","progress":50,"message":"Importing Templates (i.e: Header, Footer, etc)","timestamp":"2025-05-11 08:06:06"}
{"action":"updateLog","type":"templates","progress":75,"message":"Importing Templates (i.e: Header, Footer, etc)","timestamp":"2025-05-11 08:06:13"}
{"action":"updateLog","type":"templates","progress":100,"message":"Importing Templates (i.e: Header, Footer, etc)","status":"complete","timestamp":"2025-05-11 08:06:13"}
{"action":"updateLog","type":"templates","progress":100,"message":"Importing Templates (i.e: Header, Footer, etc)","status":"complete","timestamp":"2025-05-11 08:06:13"}
{"type":"continue","action":"continue","name":"","index":4,"results":null,"timestamp":"2025-05-11 08:06:13"}
{"type":"start","action":"eventLog","results":"Templately\\Core\\Importer\\FullSiteImport::import::378","timestamp":"2025-05-11 08:06:14"}
{"action":"removeLog","type":"temp","progress":100,"timestamp":"2025-05-11 08:06:14"}
{"type":"continue","action":"continue","name":"","index":5,"results":null,"timestamp":"2025-05-11 08:06:14"}
{"type":"start","action":"eventLog","results":"Templately\\Core\\Importer\\FullSiteImport::import::378","timestamp":"2025-05-11 08:06:16"}
{"action":"removeLog","type":"temp","progress":100,"timestamp":"2025-05-11 08:06:16"}
{"action":"updateLog","type":"content","progress":0,"message":"Importing Elementor Page and Post Templates","timestamp":"2025-05-11 08:06:16"}
{"action":"updateLog","type":"content","progress":20,"message":"Importing Elementor Page and Post Templates","timestamp":"2025-05-11 08:06:16"}
{"action":"updateLog","type":"content","progress":40,"message":"Importing Elementor Page and Post Templates","timestamp":"2025-05-11 08:06:17"}
{"action":"updateLog","type":"content","progress":60,"message":"Importing Elementor Page and Post Templates","timestamp":"2025-05-11 08:06:17"}
{"action":"updateLog","type":"content","progress":80,"message":"Importing Elementor Page and Post Templates","timestamp":"2025-05-11 08:06:17"}
{"action":"updateLog","type":"content","progress":100,"message":"Importing Elementor Page and Post Templates","status":"complete","timestamp":"2025-05-11 08:06:17"}
{"action":"updateLog","type":"content","progress":100,"message":"Importing Elementor Page and Post Templates","status":"complete","timestamp":"2025-05-11 08:06:17"}
{"type":"continue","action":"continue","name":"","index":6,"results":null,"timestamp":"2025-05-11 08:06:17"}
{"type":"start","action":"eventLog","results":"Templately\\Core\\Importer\\FullSiteImport::import::378","timestamp":"2025-05-11 08:06:19"}
{"action":"removeLog","type":"temp","progress":100,"timestamp":"2025-05-11 08:06:19"}
{"action":"updateLog","type":"wp-content","progress":0,"message":"Importing Content (Pages, Posts, Products, Navigation)","timestamp":"2025-05-11 08:06:19"}
{"action":"updateLog","type":"wp-content","progress":4,"message":"Importing Content (Pages, Posts, Products, Navigation)","timestamp":"2025-05-11 08:06:23"}
{"action":"updateLog","type":"wp-content","progress":8,"message":"Importing Content (Pages, Posts, Products, Navigation)","timestamp":"2025-05-11 08:06:23"}
{"action":"updateLog","type":"wp-content","progress":12,"message":"Importing Content (Pages, Posts, Products, Navigation)","timestamp":"2025-05-11 08:06:23"}
{"action":"updateLog","type":"wp-content","progress":16,"message":"Importing Content (Pages, Posts, Products, Navigation)","timestamp":"2025-05-11 08:06:23"}
{"action":"updateLog","type":"wp-content","progress":20,"message":"Importing Content (Pages, Posts, Products, Navigation)","timestamp":"2025-05-11 08:06:30"}
{"action":"updateLog","type":"wp-content","progress":24,"message":"Importing Content (Pages, Posts, Products, Navigation)","timestamp":"2025-05-11 08:06:30"}
{"action":"updateLog","type":"wp-content","progress":28,"message":"Importing Content (Pages, Posts, Products, Navigation)","timestamp":"2025-05-11 08:06:30"}
{"action":"updateLog","type":"wp-content","progress":32,"message":"Importing Content (Pages, Posts, Products, Navigation)","timestamp":"2025-05-11 08:06:30"}
{"action":"updateLog","type":"wp-content","progress":36,"message":"Importing Content (Pages, Posts, Products, Navigation)","timestamp":"2025-05-11 08:06:30"}
{"action":"updateLog","type":"wp-content","progress":100,"message":"Importing Content (Pages, Posts, Products, Navigation)","status":"complete","timestamp":"2025-05-11 08:06:30"}
{"type":"continue","action":"continue","name":"","index":7,"results":null,"timestamp":"2025-05-11 08:06:30"}
{"type":"start","action":"eventLog","results":"Templately\\Core\\Importer\\FullSiteImport::import::378","timestamp":"2025-05-11 08:06:32"}
{"action":"removeLog","type":"temp","progress":100,"timestamp":"2025-05-11 08:06:32"}
{"action":"updateLog","type":"finalize","progress":0,"message":"Finalizing Your Imports","timestamp":"2025-05-11 08:06:32"}
{"action":"updateLog","type":"finalize","progress":14,"message":"Finalizing Your Imports","timestamp":"2025-05-11 08:06:32"}
{"action":"updateLog","type":"finalize","progress":28,"message":"Finalizing Your Imports","timestamp":"2025-05-11 08:06:32"}
{"action":"updateLog","type":"finalize","progress":42,"message":"Finalizing Your Imports","timestamp":"2025-05-11 08:06:38"}
{"action":"updateLog","type":"finalize","progress":57,"message":"Finalizing Your Imports","timestamp":"2025-05-11 08:06:39"}
{"action":"updateLog","type":"finalize","progress":71,"message":"Finalizing Your Imports","timestamp":"2025-05-11 08:06:42"}
{"action":"updateLog","type":"finalize","progress":85,"message":"Finalizing Your Imports","timestamp":"2025-05-11 08:06:42"}
{"action":"updateLog","type":"finalize","progress":100,"message":"Finalizing Your Imports","status":"complete","timestamp":"2025-05-11 08:06:45"}
{"action":"updateLog","type":"finalize","progress":100,"message":"Finalizing Your Imports","status":"complete","timestamp":"2025-05-11 08:06:45"}
{"type":"complete","action":"complete","results":{"attachments":0,"attachments_fail":0,"attachments_errors":[],"templates":4,"contents":{"page":5},"wp-content":{"post":18,"nav_menu_item":6},"post_types":["Pages","Posts"],"template_types":["header","footer","archive","single"],"dependency_data":[]},"timestamp":"2025-05-11 08:06:46"}
